<?xml version="1.0" encoding="UTF-8"?>
<testng-results ignored="0" total="7" passed="7" failed="0" skipped="0">
  <reporter-output>
  </reporter-output>
  <suite started-at="2024-04-29T00:17:50 IST" name="Default suite" finished-at="2024-04-29T00:19:38 IST" duration-ms="107557">
    <groups>
    </groups>
    <test started-at="2024-04-29T00:17:50 IST" name="Default test" finished-at="2024-04-29T00:19:38 IST" duration-ms="107557">
      <class name="ust.PharmEasyAutomationSuite.Test.HeaderTest">
        <test-method is-config="true" signature="setUp()[pri:0, instance:ust.PharmEasyAutomationSuite.Test.HeaderTest@61c4eee0]" started-at="2024-04-29T00:17:51 IST" name="setUp" finished-at="2024-04-29T00:18:39 IST" duration-ms="48621" status="PASS">
          <reporter-output>
          </reporter-output>
        </test-method> <!-- setUp -->
        <test-method signature="testWebsiteURL()[pri:1, instance:ust.PharmEasyAutomationSuite.Test.HeaderTest@61c4eee0]" started-at="2024-04-29T00:18:39 IST" name="testWebsiteURL" description="Verify website URL" finished-at="2024-04-29T00:18:42 IST" duration-ms="2722" status="PASS">
          <reporter-output>
          </reporter-output>
        </test-method> <!-- testWebsiteURL -->
        <test-method signature="testAllElementsPresence()[pri:2, instance:ust.PharmEasyAutomationSuite.Test.HeaderTest@61c4eee0]" started-at="2024-04-29T00:18:42 IST" name="testAllElementsPresence" description="Verify presence of all header elements" finished-at="2024-04-29T00:19:23 IST" duration-ms="40469" status="PASS">
          <reporter-output>
          </reporter-output>
        </test-method> <!-- testAllElementsPresence -->
        <test-method signature="testLogoClickable()[pri:3, instance:ust.PharmEasyAutomationSuite.Test.HeaderTest@61c4eee0]" started-at="2024-04-29T00:19:23 IST" name="testLogoClickable" description="Verify logo is clickable" finished-at="2024-04-29T00:19:23 IST" duration-ms="403" status="PASS">
          <reporter-output>
          </reporter-output>
        </test-method> <!-- testLogoClickable -->
        <test-method signature="testDownloadAppButtonClickable()[pri:4, instance:ust.PharmEasyAutomationSuite.Test.HeaderTest@61c4eee0]" started-at="2024-04-29T00:19:23 IST" name="testDownloadAppButtonClickable" description="Verify Download App button is clickable" finished-at="2024-04-29T00:19:23 IST" duration-ms="478" status="PASS">
          <reporter-output>
          </reporter-output>
        </test-method> <!-- testDownloadAppButtonClickable -->
        <test-method signature="testQuickLoginLinkClickable()[pri:5, instance:ust.PharmEasyAutomationSuite.Test.HeaderTest@61c4eee0]" started-at="2024-04-29T00:19:23 IST" name="testQuickLoginLinkClickable" description="Verify Quick Login link is clickable" finished-at="2024-04-29T00:19:24 IST" duration-ms="207" status="PASS">
          <reporter-output>
          </reporter-output>
        </test-method> <!-- testQuickLoginLinkClickable -->
        <test-method signature="testPharmeasyOfferLinkClickable()[pri:6, instance:ust.PharmEasyAutomationSuite.Test.HeaderTest@61c4eee0]" started-at="2024-04-29T00:19:24 IST" name="testPharmeasyOfferLinkClickable" description="Verify Pharmeasy Offer link is clickable" finished-at="2024-04-29T00:19:24 IST" duration-ms="294" status="PASS">
          <reporter-output>
          </reporter-output>
        </test-method> <!-- testPharmeasyOfferLinkClickable -->
        <test-method signature="testAddToCartButtonClickable()[pri:7, instance:ust.PharmEasyAutomationSuite.Test.HeaderTest@61c4eee0]" started-at="2024-04-29T00:19:24 IST" name="testAddToCartButtonClickable" description="Verify Add To Cart button is clickable" finished-at="2024-04-29T00:19:24 IST" duration-ms="407" status="PASS">
          <reporter-output>
          </reporter-output>
        </test-method> <!-- testAddToCartButtonClickable -->
        <test-method is-config="true" signature="tearDown()[pri:0, instance:ust.PharmEasyAutomationSuite.Test.HeaderTest@61c4eee0]" started-at="2024-04-29T00:19:24 IST" name="tearDown" finished-at="2024-04-29T00:19:38 IST" duration-ms="13531" status="PASS">
          <reporter-output>
          </reporter-output>
        </test-method> <!-- tearDown -->
      </class> <!-- ust.PharmEasyAutomationSuite.Test.HeaderTest -->
    </test> <!-- Default test -->
  </suite> <!-- Default suite -->
</testng-results>
